1603775690983	geckodriver	INFO	Listening on 127.0.0.1:52348
1603775693897	mozrunner::runner	INFO	Running command: "C:\\Program Files\\Mozilla Firefox\\firefox.exe" "--marionette" "-foreground" "-no-remote" "-profile" "C:\\Users\\KELNGU~1\\AppData\\Local\\Temp\\rust_mozprofileMSIaw6"
Can't find symbol 'eglSwapBuffersWithDamageEXT'.
JavaScript error: resource://gre/modules/XULStore.jsm, line 66: Error: Can't find profile directory.
console.error: SearchCache: "_readCacheFile: Error reading cache file:" (new Error("", "(unknown module)"))
1603775704658	Marionette	INFO	Listening on port 52357
1603775704744	Marionette	WARN	TLS certificate errors will be ignored for this session
Can't find symbol 'eglSwapBuffersWithDamageEXT'.
1603779384723	Marionette	INFO	Stopped listening on port 52357

###!!! [Child][MessageChannel::SendAndWait] Error: Channel error: cannot send/recv

ote" "-profile" "C:\\Users\\KELNGU~1\\AppData\\Local\\Temp\\rust_mozprofile6IYRwS"
Can't find symbol 'eglSwapBuffersWithDamageEXT'.
JavaScript error: resource://gre/modules/XULStore.jsm, line 66: Error: Can't find profile directory.
console.error: SearchCache: "_readCacheFile: Error reading cache file:" (new Error("", "(unknown module)"))
1603775761800	Marionette	INFO	Listening on port 52421
1603775761867	Marionette	WARN	TLS certificate errors will be ignored for this session
1603776154371	Marionette	INFO	Stopped listening on port 52421

###!!! [Child][RunMessage] Error: Channel closing: too late to send/recv, messages will be lost


###!!! [Child][MessageChannel::SendAndWait] Error: Channel error: cannot send/recv

l\\Temp\\rust_mozprofileRAYEPU"
Can't find symbol 'eglSwapBuffersWithDamageEXT'.
JavaScript error: resource://gre/modules/XULStore.jsm, line 66: Error: Can't find profile directory.
console.error: SearchCache: "_readCacheFile: Error reading cache file:" (new Error("", "(unknown module)"))
1603776115422	Marionette	INFO	Listening on port 52643
1603776115957	Marionette	WARN	TLS certificate errors will be ignored for this session
[Parent 27452, Gecko_IOThread] WARNING: file /builds/worker/checkouts/gecko/ipc/chromium/src/base/process_util_win.cc, line 166
1603776155235	Marionette	INFO	Stopped listening on port 52643

###!!! [Child][RunMessage] Error: Channel closing: too late to send/recv, messages will be lost


###!!! [Child][MessageChannel::SendAndWait] Error: Channel error: cannot send/recv

1603776196280	geckodriver	INFO	Listening on 127.0.0.1:52702
1603776199134	mozrunner::runner	INFO	Running command: "C:\\Program Files\\Mozilla Firefox\\firefox.exe" "--marionette" "-foreground" "-no-remote" "-profile" "C:\\Users\\KELNGU~1\\AppData\\Local\\Temp\\rust_mozprofileNZp5kc"
Can't find symbol 'eglSwapBuffersWithDamageEXT'.
JavaScript error: resource://gre/modules/XULStore.jsm, line 66: Error: Can't find profile directory.
console.error: SearchCache: "_readCacheFile: Error reading cache file:" (new Error("", "(unknown module)"))
1603776205875	Marionette	INFO	Listening on port 52712
1603776205914	Marionette	WARN	TLS certificate errors will be ignored for this session
1603779374289	Marionette	INFO	Stopped listening on port 52712

###!!! [Child][RunMessage] Error: Channel closing: too late to send/recv, messages will be lost


###!!! [Child][MessageChannel::SendAndWait] Error: Channel error: cannot send/recv

l\\Temp\\rust_mozprofileFdxzx4"
Can't find symbol 'eglSwapBuffersWithDamageEXT'.
JavaScript error: resource://gre/modules/XULStore.jsm, line 66: Error: Can't find profile directory.
console.error: SearchCache: "_readCacheFile: Error reading cache file:" (new Error("", "(unknown module)"))
1603776280886	Marionette	INFO	Listening on port 52787
1603776281070	Marionette	WARN	TLS certificate errors will be ignored for this session
1603779373314	Marionette	INFO	Stopped listening on port 52787

###!!! [Child][RunMessage] Error: Channel closing: too late to send/recv, messages will be lost


###!!! [Child][MessageChannel::SendAndWait] Error: Channel error: cannot send/recv

